[INFO] Scanning for projects...
[WARNING] 
[WARNING] Some problems were encountered while building the effective model for com.grahamedgecombe.jterminal:jterminal:jar:1.0.2-SNAPSHOT
[WARNING] 'build.plugins.plugin.version' for org.apache.maven.plugins:maven-compiler-plugin is missing. @ line 64, column 15
[WARNING] 
[WARNING] It is highly recommended to fix these problems because they threaten the stability of your build.
[WARNING] 
[WARNING] For this reason, future Maven versions might no longer support building such malformed projects.
[WARNING] 
[INFO] 
[INFO] --------------< com.grahamedgecombe.jterminal:jterminal >---------------
[INFO] Building JTerminal 1.0.2-SNAPSHOT
[INFO] --------------------------------[ jar ]---------------------------------
[INFO] 
[INFO] --- maven-enforcer-plugin:1.0:enforce (enforce-maven) @ jterminal ---
[INFO] 
[INFO] --- maven-resources-plugin:2.6:resources (default-resources) @ jterminal ---
[INFO] Using 'UTF-8' encoding to copy filtered resources.
[INFO] skip non existing resourceDirectory C:\Mutation Testing\Current Work\jterminal\src\main\resources
[INFO] 
[INFO] --- maven-compiler-plugin:3.1:compile (default-compile) @ jterminal ---
[INFO] Changes detected - recompiling the module!
[INFO] Compiling 15 source files to C:\Mutation Testing\Current Work\jterminal\target\classes
[INFO] 
[INFO] --- maven-resources-plugin:2.6:testResources (default-testResources) @ jterminal ---
[INFO] Using 'UTF-8' encoding to copy filtered resources.
[INFO] skip non existing resourceDirectory C:\Mutation Testing\Current Work\jterminal\src\test\resources
[INFO] 
[INFO] --- maven-compiler-plugin:3.1:testCompile (default-testCompile) @ jterminal ---
[INFO] Nothing to compile - all classes are up to date
[INFO] 
[INFO] --- evosuite-maven-plugin:1.0.6:prepare (default) @ jterminal ---
[INFO] Preparing EvoSuite tests for execution
[INFO] Analyzing test folder: C:\Mutation Testing\Current Work\jterminal\target\test-classes
[INFO] Found 0 EvoSuite scaffolding files
[INFO] 
[INFO] --- maven-surefire-plugin:2.12.4:test (default-test) @ jterminal ---
[INFO] Surefire report directory: C:\Mutation Testing\Current Work\jterminal\target\surefire-reports

-------------------------------------------------------
 T E S T S
-------------------------------------------------------
Running com.grahamedgecombe.jterminal.vt100.TestVt100TerminalModel
Tests run: 9, Failures: 0, Errors: 9, Skipped: 0, Time elapsed: 24.734 sec <<< FAILURE!
testSpecialCharacters(com.grahamedgecombe.jterminal.vt100.TestVt100TerminalModel)  Time elapsed: 6.83 sec  <<< ERROR!
java.lang.OutOfMemoryError: Java heap space
	at java.util.Arrays.copyOf(Arrays.java:3332)
	at java.lang.AbstractStringBuilder.ensureCapacityInternal(AbstractStringBuilder.java:124)
	at java.lang.AbstractStringBuilder.append(AbstractStringBuilder.java:649)
	at java.lang.StringBuilder.append(StringBuilder.java:202)
	at com.grahamedgecombe.jterminal.vt100.AnsiControlSequenceParser.parse(AnsiControlSequenceParser.java:118)
	at com.grahamedgecombe.jterminal.vt100.AnsiControlSequenceParser.parse(AnsiControlSequenceParser.java:85)
	at com.grahamedgecombe.jterminal.vt100.Vt100TerminalModel.print(Vt100TerminalModel.java:448)
	at com.grahamedgecombe.jterminal.vt100.TestVt100TerminalModel.testSpecialCharacters(TestVt100TerminalModel.java:72)
	at sun.reflect.NativeMethodAccessorImpl.invoke0(Native Method)
	at sun.reflect.NativeMethodAccessorImpl.invoke(NativeMethodAccessorImpl.java:62)
	at sun.reflect.DelegatingMethodAccessorImpl.invoke(DelegatingMethodAccessorImpl.java:43)
	at java.lang.reflect.Method.invoke(Method.java:498)
	at org.junit.runners.model.FrameworkMethod$1.runReflectiveCall(FrameworkMethod.java:50)
	at org.junit.internal.runners.model.ReflectiveCallable.run(ReflectiveCallable.java:12)
	at org.junit.runners.model.FrameworkMethod.invokeExplosively(FrameworkMethod.java:47)
	at org.junit.internal.runners.statements.InvokeMethod.evaluate(InvokeMethod.java:17)
	at org.junit.internal.runners.statements.RunBefores.evaluate(RunBefores.java:26)
	at org.junit.runners.ParentRunner.runLeaf(ParentRunner.java:325)
	at org.junit.runners.BlockJUnit4ClassRunner.runChild(BlockJUnit4ClassRunner.java:78)
	at org.junit.runners.BlockJUnit4ClassRunner.runChild(BlockJUnit4ClassRunner.java:57)
	at org.junit.runners.ParentRunner$3.run(ParentRunner.java:290)
	at org.junit.runners.ParentRunner$1.schedule(ParentRunner.java:71)
	at org.junit.runners.ParentRunner.runChildren(ParentRunner.java:288)
	at org.junit.runners.ParentRunner.access$000(ParentRunner.java:58)
	at org.junit.runners.ParentRunner$2.evaluate(ParentRunner.java:268)
	at org.junit.runners.ParentRunner.run(ParentRunner.java:363)
	at org.apache.maven.surefire.junit4.JUnit4Provider.execute(JUnit4Provider.java:252)
	at org.apache.maven.surefire.junit4.JUnit4Provider.executeTestSet(JUnit4Provider.java:141)
	at org.apache.maven.surefire.junit4.JUnit4Provider.invoke(JUnit4Provider.java:112)
	at sun.reflect.NativeMethodAccessorImpl.invoke0(Native Method)
	at sun.reflect.NativeMethodAccessorImpl.invoke(NativeMethodAccessorImpl.java:62)
	at sun.reflect.DelegatingMethodAccessorImpl.invoke(DelegatingMethodAccessorImpl.java:43)

testWordWrapping(com.grahamedgecombe.jterminal.vt100.TestVt100TerminalModel)  Time elapsed: 6.821 sec  <<< ERROR!
java.lang.OutOfMemoryError: Java heap space
	at java.util.Arrays.copyOf(Arrays.java:3332)
	at java.lang.AbstractStringBuilder.ensureCapacityInternal(AbstractStringBuilder.java:124)
	at java.lang.AbstractStringBuilder.append(AbstractStringBuilder.java:649)
	at java.lang.StringBuilder.append(StringBuilder.java:202)
	at com.grahamedgecombe.jterminal.vt100.AnsiControlSequenceParser.parse(AnsiControlSequenceParser.java:118)
	at com.grahamedgecombe.jterminal.vt100.AnsiControlSequenceParser.parse(AnsiControlSequenceParser.java:85)
	at com.grahamedgecombe.jterminal.vt100.Vt100TerminalModel.print(Vt100TerminalModel.java:448)
	at com.grahamedgecombe.jterminal.vt100.TestVt100TerminalModel.testWordWrapping(TestVt100TerminalModel.java:62)
	at sun.reflect.NativeMethodAccessorImpl.invoke0(Native Method)
	at sun.reflect.NativeMethodAccessorImpl.invoke(NativeMethodAccessorImpl.java:62)
	at sun.reflect.DelegatingMethodAccessorImpl.invoke(DelegatingMethodAccessorImpl.java:43)
	at java.lang.reflect.Method.invoke(Method.java:498)
	at org.junit.runners.model.FrameworkMethod$1.runReflectiveCall(FrameworkMethod.java:50)
	at org.junit.internal.runners.model.ReflectiveCallable.run(ReflectiveCallable.java:12)
	at org.junit.runners.model.FrameworkMethod.invokeExplosively(FrameworkMethod.java:47)
	at org.junit.internal.runners.statements.InvokeMethod.evaluate(InvokeMethod.java:17)
	at org.junit.internal.runners.statements.RunBefores.evaluate(RunBefores.java:26)
	at org.junit.runners.ParentRunner.runLeaf(ParentRunner.java:325)
	at org.junit.runners.BlockJUnit4ClassRunner.runChild(BlockJUnit4ClassRunner.java:78)
	at org.junit.runners.BlockJUnit4ClassRunner.runChild(BlockJUnit4ClassRunner.java:57)
	at org.junit.runners.ParentRunner$3.run(ParentRunner.java:290)
	at org.junit.runners.ParentRunner$1.schedule(ParentRunner.java:71)
	at org.junit.runners.ParentRunner.runChildren(ParentRunner.java:288)
	at org.junit.runners.ParentRunner.access$000(ParentRunner.java:58)
	at org.junit.runners.ParentRunner$2.evaluate(ParentRunner.java:268)
	at org.junit.runners.ParentRunner.run(ParentRunner.java:363)
	at org.apache.maven.surefire.junit4.JUnit4Provider.execute(JUnit4Provider.java:252)
	at org.apache.maven.surefire.junit4.JUnit4Provider.executeTestSet(JUnit4Provider.java:141)
	at org.apache.maven.surefire.junit4.JUnit4Provider.invoke(JUnit4Provider.java:112)
	at sun.reflect.NativeMethodAccessorImpl.invoke0(Native Method)
	at sun.reflect.NativeMethodAccessorImpl.invoke(NativeMethodAccessorImpl.java:62)
	at sun.reflect.DelegatingMethodAccessorImpl.invoke(DelegatingMethodAccessorImpl.java:43)

testSgr(com.grahamedgecombe.jterminal.vt100.TestVt100TerminalModel)  Time elapsed: 1.799 sec  <<< ERROR!
java.lang.OutOfMemoryError: Java heap space

testErase(com.grahamedgecombe.jterminal.vt100.TestVt100TerminalModel)  Time elapsed: 1.674 sec  <<< ERROR!
java.lang.OutOfMemoryError: Java heap space

testPrint(com.grahamedgecombe.jterminal.vt100.TestVt100TerminalModel)  Time elapsed: 1.584 sec  <<< ERROR!
java.lang.OutOfMemoryError: Java heap space

testBell(com.grahamedgecombe.jterminal.vt100.TestVt100TerminalModel)  Time elapsed: 1.485 sec  <<< ERROR!
java.lang.OutOfMemoryError: Java heap space

testSaveAndRestoreCursor(com.grahamedgecombe.jterminal.vt100.TestVt100TerminalModel)  Time elapsed: 1.452 sec  <<< ERROR!
java.lang.OutOfMemoryError: Java heap space

testBuffer(com.grahamedgecombe.jterminal.vt100.TestVt100TerminalModel)  Time elapsed: 1.472 sec  <<< ERROR!
java.lang.OutOfMemoryError: Java heap space

testMoveCursor(com.grahamedgecombe.jterminal.vt100.TestVt100TerminalModel)  Time elapsed: 1.554 sec  <<< ERROR!
java.lang.OutOfMemoryError: Java heap space


Results :

Tests in error: 
  testSpecialCharacters(com.grahamedgecombe.jterminal.vt100.TestVt100TerminalModel): Java heap space
  testWordWrapping(com.grahamedgecombe.jterminal.vt100.TestVt100TerminalModel): Java heap space
  testSgr(com.grahamedgecombe.jterminal.vt100.TestVt100TerminalModel): Java heap space
  testErase(com.grahamedgecombe.jterminal.vt100.TestVt100TerminalModel): Java heap space
  testPrint(com.grahamedgecombe.jterminal.vt100.TestVt100TerminalModel): Java heap space
  testBell(com.grahamedgecombe.jterminal.vt100.TestVt100TerminalModel): Java heap space
  testSaveAndRestoreCursor(com.grahamedgecombe.jterminal.vt100.TestVt100TerminalModel): Java heap space
  testBuffer(com.grahamedgecombe.jterminal.vt100.TestVt100TerminalModel): Java heap space
  testMoveCursor(com.grahamedgecombe.jterminal.vt100.TestVt100TerminalModel): Java heap space

Tests run: 9, Failures: 0, Errors: 9, Skipped: 0

[INFO] ------------------------------------------------------------------------
[INFO] BUILD FAILURE
[INFO] ------------------------------------------------------------------------
[INFO] Total time:  28.100 s
[INFO] Finished at: 2021-12-19T10:24:03-05:00
[INFO] ------------------------------------------------------------------------
[ERROR] Failed to execute goal org.apache.maven.plugins:maven-surefire-plugin:2.12.4:test (default-test) on project jterminal: There are test failures.
[ERROR] 
[ERROR] Please refer to C:\Mutation Testing\Current Work\jterminal\target\surefire-reports for the individual test results.
[ERROR] -> [Help 1]
[ERROR] 
[ERROR] To see the full stack trace of the errors, re-run Maven with the -e switch.
[ERROR] Re-run Maven using the -X switch to enable full debug logging.
[ERROR] 
[ERROR] For more information about the errors and possible solutions, please read the following articles:
[ERROR] [Help 1] http://cwiki.apache.org/confluence/display/MAVEN/MojoFailureException
